find_header: checking for rice/rice.hpp in /home/takkii/.anyenv/envs/rbenv/versions/4.0.3/lib/ruby/gems/4.0.0/gems/rice-4.12.0/include... -------------------- yes

LD_LIBRARY_PATH=.:/home/takkii/.anyenv/envs/rbenv/versions/4.0.3/lib LSAN_OPTIONS=detect_leaks=0 "g++ -o conftest -I/home/takkii/.anyenv/envs/rbenv/versions/4.0.3/include/ruby-4.0.0/x86_64-linux -I/home/takkii/.anyenv/envs/rbenv/versions/4.0.3/include/ruby-4.0.0/ruby/backward -I/home/takkii/.anyenv/envs/rbenv/versions/4.0.3/include/ruby-4.0.0 -I.     conftest.cc -L. -L/home/takkii/.anyenv/envs/rbenv/versions/4.0.3/lib -Wl,-rpath,/home/takkii/.anyenv/envs/rbenv/versions/4.0.3/lib -L. -fstack-protector-strong -rdynamic -Wl,-export-dynamic -Wl,--no-as-needed     -Wl,-rpath,/home/takkii/.anyenv/envs/rbenv/versions/4.0.3/lib -L/home/takkii/.anyenv/envs/rbenv/versions/4.0.3/lib -lruby  -lm -lpthread  -lc"
checked program was:
/* begin */
1: #include "ruby.h"
2: 
3: int main(int argc, char **argv)
4: {
5:   return !!argv[argc];
6: }
/* end */

LD_LIBRARY_PATH=.:/home/takkii/.anyenv/envs/rbenv/versions/4.0.3/lib LSAN_OPTIONS=detect_leaks=0 "g++ -I/home/takkii/.anyenv/envs/rbenv/versions/4.0.3/include/ruby-4.0.0/x86_64-linux -I/home/takkii/.anyenv/envs/rbenv/versions/4.0.3/include/ruby-4.0.0/ruby/backward -I/home/takkii/.anyenv/envs/rbenv/versions/4.0.3/include/ruby-4.0.0 -I.     -DRICE_VERSION_MAJOR=4 -DRICE_VERSION_MINOR=12 -DRICE_VERSION_PATCH=0 -std=c++17 -Wno-array-bounds   -c conftest.cc"
conftest.cc:3:10: 致命的エラー: rice/rice.hpp: そのようなファイルやディレクトリはありません
    3 | #include <rice/rice.hpp>
      |          ^~~~~~~~~~~~~~~
コンパイルを停止しました。
checked program was:
/* begin */
1: #include "ruby.h"
2: 
3: #include <rice/rice.hpp>
/* end */

LD_LIBRARY_PATH=.:/home/takkii/.anyenv/envs/rbenv/versions/4.0.3/lib LSAN_OPTIONS=detect_leaks=0 "g++ -I/home/takkii/.anyenv/envs/rbenv/versions/4.0.3/include/ruby-4.0.0/x86_64-linux -I/home/takkii/.anyenv/envs/rbenv/versions/4.0.3/include/ruby-4.0.0/ruby/backward -I/home/takkii/.anyenv/envs/rbenv/versions/4.0.3/include/ruby-4.0.0 -I.     -DRICE_VERSION_MAJOR=4 -DRICE_VERSION_MINOR=12 -DRICE_VERSION_PATCH=0 -std=c++17 -Wno-array-bounds  -I/home/takkii/.anyenv/envs/rbenv/versions/4.0.3/lib/ruby/gems/4.0.0/gems/rice-4.12.0/include -c conftest.cc"
checked program was:
/* begin */
1: #include "ruby.h"
2: 
3: #include <rice/rice.hpp>
/* end */

--------------------

have_library: checking for -lstdc++fs... -------------------- yes

LD_LIBRARY_PATH=.:/home/takkii/.anyenv/envs/rbenv/versions/4.0.3/lib LSAN_OPTIONS=detect_leaks=0 "g++ -o conftest -I/home/takkii/.anyenv/envs/rbenv/versions/4.0.3/include/ruby-4.0.0/x86_64-linux -I/home/takkii/.anyenv/envs/rbenv/versions/4.0.3/include/ruby-4.0.0/ruby/backward -I/home/takkii/.anyenv/envs/rbenv/versions/4.0.3/include/ruby-4.0.0 -I. -I/home/takkii/.anyenv/envs/rbenv/versions/4.0.3/lib/ruby/gems/4.0.0/gems/rice-4.12.0/include     conftest.cc -L. -L/home/takkii/.anyenv/envs/rbenv/versions/4.0.3/lib -Wl,-rpath,/home/takkii/.anyenv/envs/rbenv/versions/4.0.3/lib -L. -fstack-protector-strong -rdynamic -Wl,-export-dynamic -Wl,--no-as-needed     -Wl,-rpath,/home/takkii/.anyenv/envs/rbenv/versions/4.0.3/lib -L/home/takkii/.anyenv/envs/rbenv/versions/4.0.3/lib -lruby -lstdc++fs  -lm -lpthread  -lc"
checked program was:
/* begin */
 1: #include "ruby.h"
 2: 
 3: /*top*/
 4: extern int t(void);
 5: int main(int argc, char **argv)
 6: {
 7:   if (argc > 1000000) {
 8:     int (* volatile tp)(void)=(int (*)(void))&t;
 9:     printf("%d", (*tp)());
10:   }
11: 
12:   return !!argv[argc];
13: }
14: 
15: int t(void) { ; return 0; }
/* end */

--------------------

